<?xml version="1.0" encoding="UTF-8"?>
<?xml-stylesheet type="text/xsl" href="file:/home/dragos/Oxygen%20XML%20Editor%2022/frameworks/xspec/src/reporter/format-xspec-report.xsl"?>
<x:report xmlns:test="http://www.jenitennison.com/xslt/unit-test"
          xmlns:xs="http://www.w3.org/2001/XMLSchema"
          xmlns:x="http://www.jenitennison.com/xslt/xspec"
          xmlns:uml="http://www.omg.org/spec/UML/20131001"
          xmlns:xmi="http://www.omg.org/spec/XMI/20131001"
          stylesheet="file:/home/dragos/src/model2owl/src/common/selectors.xsl"
          date="2020-04-05T15:09:19.464438+01:00"
          xspec="file:/home/dragos/src/model2owl/test/unitTests/test-common/test-selectors.xspec">
   <x:scenario>
      <x:label>Scenario for testing template with match 'xmi:XMI</x:label>
      <x:context href="file:/home/dragos/src/model2owl/test/unitTests/testData/ePO-CM_v2.0.1_test.eap.xmi"
                 select="/"/>
